E:\PROGRAM\CPP\FLAPPY BIRD\FLAPPY BIRD\RELEASE\MAIN.OBJ
E:\PROGRAM\CPP\FLAPPY BIRD\FLAPPY BIRD\RELEASE\DIRECTOR.OBJ
E:\PROGRAM\CPP\FLAPPY BIRD\FLAPPY BIRD\RELEASE\PIPE.OBJ
E:\PROGRAM\CPP\FLAPPY BIRD\FLAPPY BIRD\RELEASE\BIRD.OBJ
E:\PROGRAM\CPP\FLAPPY BIRD\FLAPPY BIRD\RELEASE\VC110.PDB
E:\PROGRAM\CPP\FLAPPY BIRD\RELEASE\FLAPPY BIRD.EXE
E:\PROGRAM\CPP\FLAPPY BIRD\RELEASE\FLAPPY BIRD.PDB
E:\program\Cpp\Flappy Bird\Flappy Bird\Release\Bird.obj
E:\program\Cpp\Flappy Bird\Flappy Bird\Release\Director.obj
E:\program\Cpp\Flappy Bird\Flappy Bird\Release\main.obj
E:\program\Cpp\Flappy Bird\Flappy Bird\Release\Pipe.obj
E:\program\Cpp\Flappy Bird\Flappy Bird\Release\cl.command.1.tlog
E:\program\Cpp\Flappy Bird\Flappy Bird\Release\CL.read.1.tlog
E:\program\Cpp\Flappy Bird\Flappy Bird\Release\CL.write.1.tlog
E:\program\Cpp\Flappy Bird\Flappy Bird\Release\link-cvtres.read.1.tlog
E:\program\Cpp\Flappy Bird\Flappy Bird\Release\link-cvtres.write.1.tlog
E:\program\Cpp\Flappy Bird\Flappy Bird\Release\link-rc.read.1.tlog
E:\program\Cpp\Flappy Bird\Flappy Bird\Release\link-rc.write.1.tlog
E:\program\Cpp\Flappy Bird\Flappy Bird\Release\link.command.1.tlog
E:\program\Cpp\Flappy Bird\Flappy Bird\Release\link.read.1.tlog
E:\program\Cpp\Flappy Bird\Flappy Bird\Release\link.write.1.tlog
E:\program\Cpp\Flappy Bird\Flappy Bird\Release\vc110.pdb
E:\program\Cpp\Flappy Bird\Release\Flappy Bird.pdb
