生成启动时间为 2014/12/18 19:49:22。
     1>项目“E:\program\Cpp\Flappy Bird\Flappy Bird\Flappy Bird.vcxproj”在节点 2 上(Rebuild 个目标)。
     1>ClCompile:
         D:\Program Files (x86)\Microsoft Visual Studio 11.0\VC\bin\CL.exe /c /Zi /nologo /W3 /WX- /O2 /Oi /Oy- /GL /D WIN32 /D NDEBUG /D _WINDOWS /Gm- /EHsc /MD /GS /Gy /fp:precise /Zc:wchar_t /Zc:forScope /Fo"Release\\" /Fd"Release\vc110.pdb" /Gd /TP /analyze- /errorReport:prompt Bird.cpp Director.cpp main.cpp Pipe.cpp
         Bird.cpp
     1>Bird.cpp(34): warning C4305: “参数”: 从“double”到“float”截断
     1>Bird.cpp(34): warning C4244: “参数”: 从“double”转换到“float”，可能丢失数据
         Director.cpp
         main.cpp
         Pipe.cpp
     1>Pipe.cpp(14): warning C4244: “参数”: 从“const float”转换到“int”，可能丢失数据
     1>Pipe.cpp(14): warning C4244: “=”: 从“int”转换到“float”，可能丢失数据
       Link:
         D:\Program Files (x86)\Microsoft Visual Studio 11.0\VC\bin\link.exe /ERRORREPORT:PROMPT /OUT:"E:\program\Cpp\Flappy Bird\Release\Flappy Bird.exe" /INCREMENTAL:NO /NOLOGO kernel32.lib user32.lib gdi32.lib winspool.lib comdlg32.lib advapi32.lib shell32.lib ole32.lib oleaut32.lib uuid.lib odbc32.lib odbccp32.lib /MANIFEST /MANIFESTUAC:"level='asInvoker' uiAccess='false'" /manifest:embed /DEBUG /PDB:"E:\program\Cpp\Flappy Bird\Release\Flappy Bird.pdb" /SUBSYSTEM:WINDOWS /OPT:REF /OPT:ICF /LTCG /TLBID:1 /DYNAMICBASE /NXCOMPAT /IMPLIB:"E:\program\Cpp\Flappy Bird\Release\Flappy Bird.lib" /MACHINE:X86 /SAFESEH Release\Bird.obj
         Release\Director.obj
         Release\main.obj
         Release\Pipe.obj
         正在生成代码
         已完成代码的生成
     1>hgehelp.lib(hgeanim.obj) : error LNK2026: 模块对于 SAFESEH 映像是不安全的。
     1>hgehelp.lib(hgesprite.obj) : error LNK2026: 模块对于 SAFESEH 映像是不安全的。
     1>hgehelp.lib(hgerect.obj) : error LNK2026: 模块对于 SAFESEH 映像是不安全的。
     1>E:\program\Cpp\Flappy Bird\Release\Flappy Bird.exe : fatal error LNK1281: 无法生成 SAFESEH 映像。
     1>已完成生成项目“E:\program\Cpp\Flappy Bird\Flappy Bird\Flappy Bird.vcxproj”(Rebuild 个目标)的操作 - 失败。

生成失败。

已用时间 00:00:02.76
